<?xml version="1.0" encoding="UTF-8"?>
<testsuite name="com.thoughtworks.rectangle.RectangleTest" tests="2" skipped="0" failures="0" errors="0" timestamp="2024-01-09T18:39:27" hostname="gurushifu-gurushifugitp-2rf7r5kjjq5" time="0.029">
  <properties/>
  <testcase name="shouldReturnAreaWhenLengthAndBreadthIsGiven()" classname="com.thoughtworks.rectangle.RectangleTest" time="0.021"/>
  <testcase name="shouldReturnPerimeterWhenLengthAndBreadthIsGiven()" classname="com.thoughtworks.rectangle.RectangleTest" time="0.004"/>
  <system-out><![CDATA[]]></system-out>
  <system-err><![CDATA[]]></system-err>
</testsuite>
